  ConfigDataSection.cpp
d:\simplegameengine\simple_game_engine\source\configdatasection.cpp(541): warning C4267: "return": Konvertierung von "size_t" nach "int", Datenverlust möglich
d:\simplegameengine\simple_game_engine\source\configdatasection.cpp(546): warning C4267: "return": Konvertierung von "size_t" nach "int", Datenverlust möglich
d:\simplegameengine\simple_game_engine\source\configdatasection.cpp(551): warning C4267: "return": Konvertierung von "size_t" nach "int", Datenverlust möglich
d:\simplegameengine\simple_game_engine\source\configdatasection.cpp(556): warning C4267: "return": Konvertierung von "size_t" nach "int", Datenverlust möglich
d:\simplegameengine\simple_game_engine\source\configdatasection.cpp(561): warning C4267: "return": Konvertierung von "size_t" nach "int", Datenverlust möglich
d:\simplegameengine\simple_game_engine\source\configdatasection.cpp(566): warning C4267: "return": Konvertierung von "size_t" nach "int", Datenverlust möglich
d:\simplegameengine\simple_game_engine\source\configdatasection.cpp(571): warning C4267: "return": Konvertierung von "size_t" nach "int", Datenverlust möglich
d:\simplegameengine\simple_game_engine\source\configdatasection.cpp(576): warning C4267: "return": Konvertierung von "size_t" nach "int", Datenverlust möglich
  Code wird generiert...
  Kompilieren...
  ConfigData.cpp
d:\simplegameengine\simple_game_engine\source\configdata.cpp(296): warning C4267: "return": Konvertierung von "size_t" nach "int", Datenverlust möglich
d:\simplegameengine\simple_game_engine\source\configdata.cpp(895): warning C4267: "Argument": Konvertierung von "size_t" nach "int", Datenverlust möglich
d:\simplegameengine\simple_game_engine\source\configdata.cpp(942): warning C4267: "Argument": Konvertierung von "size_t" nach "int", Datenverlust möglich
d:\simplegameengine\simple_game_engine\source\configdata.cpp(993): warning C4244: "=": Konvertierung von "__int64" in "int", möglicher Datenverlust
d:\simplegameengine\simple_game_engine\source\configdata.cpp(1092): warning C4267: "=": Konvertierung von "size_t" nach "int", Datenverlust möglich
  Code wird generiert...
d:\simplegameengine\simple_game_engine\source\configdata.cpp(1147): warning C4715: "ConfigData::GetChildByIndicieVector": Nicht alle Codepfade geben einen Wert zurück.
  Überspringen... (keine relevanten Änderungen gefunden)
  main.cpp
  Terrain.cpp
  System.cpp
  ShaderManager.cpp
  SceneWorldData.cpp
  PhysicWorld.cpp
  PBStaticModel.cpp
  ModelManager.cpp
  MaterialManager.cpp
  Application.cpp
  AnimatedModel.cpp
BulletCollision_Debug.lib(btCollisionAlgorithm.obj) : warning LNK4099: PDB "BulletCollision.pdb" wurde nicht mit "BulletCollision_Debug.lib(btCollisionAlgorithm.obj)" oder an "D:\SimpleGameEngine\x64\Debug\BulletCollision.pdb" gefunden; Objekt wird verknüpft, als ob keine Debuginformationen vorhanden wären.
BulletCollision_Debug.lib(btDbvt.obj) : warning LNK4099: PDB "BulletCollision.pdb" wurde nicht mit "BulletCollision_Debug.lib(btDbvt.obj)" oder an "D:\SimpleGameEngine\x64\Debug\BulletCollision.pdb" gefunden; Objekt wird verknüpft, als ob keine Debuginformationen vorhanden wären.
BulletCollision_Debug.lib(btDbvtBroadphase.obj) : warning LNK4099: PDB "BulletCollision.pdb" wurde nicht mit "BulletCollision_Debug.lib(btDbvtBroadphase.obj)" oder an "D:\SimpleGameEngine\x64\Debug\BulletCollision.pdb" gefunden; Objekt wird verknüpft, als ob keine Debuginformationen vorhanden wären.
BulletCollision_Debug.lib(btDispatcher.obj) : warning LNK4099: PDB "BulletCollision.pdb" wurde nicht mit "BulletCollision_Debug.lib(btDispatcher.obj)" oder an "D:\SimpleGameEngine\x64\Debug\BulletCollision.pdb" gefunden; Objekt wird verknüpft, als ob keine Debuginformationen vorhanden wären.
BulletCollision_Debug.lib(btOverlappingPairCache.obj) : warning LNK4099: PDB "BulletCollision.pdb" wurde nicht mit "BulletCollision_Debug.lib(btOverlappingPairCache.obj)" oder an "D:\SimpleGameEngine\x64\Debug\BulletCollision.pdb" gefunden; Objekt wird verknüpft, als ob keine Debuginformationen vorhanden wären.
BulletCollision_Debug.lib(btQuantizedBvh.obj) : warning LNK4099: PDB "BulletCollision.pdb" wurde nicht mit "BulletCollision_Debug.lib(btQuantizedBvh.obj)" oder an "D:\SimpleGameEngine\x64\Debug\BulletCollision.pdb" gefunden; Objekt wird verknüpft, als ob keine Debuginformationen vorhanden wären.
BulletCollision_Debug.lib(btActivatingCollisionAlgorithm.obj) : warning LNK4099: PDB "BulletCollision.pdb" wurde nicht mit "BulletCollision_Debug.lib(btActivatingCollisionAlgorithm.obj)" oder an "D:\SimpleGameEngine\x64\Debug\BulletCollision.pdb" gefunden; Objekt wird verknüpft, als ob keine Debuginformationen vorhanden wären.
BulletCollision_Debug.lib(btBoxBoxCollisionAlgorithm.obj) : warning LNK4099: PDB "BulletCollision.pdb" wurde nicht mit "BulletCollision_Debug.lib(btBoxBoxCollisionAlgorithm.obj)" oder an "D:\SimpleGameEngine\x64\Debug\BulletCollision.pdb" gefunden; Objekt wird verknüpft, als ob keine Debuginformationen vorhanden wären.
BulletCollision_Debug.lib(btBoxBoxDetector.obj) : warning LNK4099: PDB "BulletCollision.pdb" wurde nicht mit "BulletCollision_Debug.lib(btBoxBoxDetector.obj)" oder an "D:\SimpleGameEngine\x64\Debug\BulletCollision.pdb" gefunden; Objekt wird verknüpft, als ob keine Debuginformationen vorhanden wären.
BulletCollision_Debug.lib(btCollisionDispatcher.obj) : warning LNK4099: PDB "BulletCollision.pdb" wurde nicht mit "BulletCollision_Debug.lib(btCollisionDispatcher.obj)" oder an "D:\SimpleGameEngine\x64\Debug\BulletCollision.pdb" gefunden; Objekt wird verknüpft, als ob keine Debuginformationen vorhanden wären.
BulletCollision_Debug.lib(btCollisionObject.obj) : warning LNK4099: PDB "BulletCollision.pdb" wurde nicht mit "BulletCollision_Debug.lib(btCollisionObject.obj)" oder an "D:\SimpleGameEngine\x64\Debug\BulletCollision.pdb" gefunden; Objekt wird verknüpft, als ob keine Debuginformationen vorhanden wären.
BulletCollision_Debug.lib(btCollisionWorld.obj) : warning LNK4099: PDB "BulletCollision.pdb" wurde nicht mit "BulletCollision_Debug.lib(btCollisionWorld.obj)" oder an "D:\SimpleGameEngine\x64\Debug\BulletCollision.pdb" gefunden; Objekt wird verknüpft, als ob keine Debuginformationen vorhanden wären.
BulletCollision_Debug.lib(btCompoundCollisionAlgorithm.obj) : warning LNK4099: PDB "BulletCollision.pdb" wurde nicht mit "BulletCollision_Debug.lib(btCompoundCollisionAlgorithm.obj)" oder an "D:\SimpleGameEngine\x64\Debug\BulletCollision.pdb" gefunden; Objekt wird verknüpft, als ob keine Debuginformationen vorhanden wären.
BulletCollision_Debug.lib(btCompoundCompoundCollisionAlgorithm.obj) : warning LNK4099: PDB "BulletCollision.pdb" wurde nicht mit "BulletCollision_Debug.lib(btCompoundCompoundCollisionAlgorithm.obj)" oder an "D:\SimpleGameEngine\x64\Debug\BulletCollision.pdb" gefunden; Objekt wird verknüpft, als ob keine Debuginformationen vorhanden wären.
BulletCollision_Debug.lib(btConvexConcaveCollisionAlgorithm.obj) : warning LNK4099: PDB "BulletCollision.pdb" wurde nicht mit "BulletCollision_Debug.lib(btConvexConcaveCollisionAlgorithm.obj)" oder an "D:\SimpleGameEngine\x64\Debug\BulletCollision.pdb" gefunden; Objekt wird verknüpft, als ob keine Debuginformationen vorhanden wären.
BulletCollision_Debug.lib(btConvexConvexAlgorithm.obj) : warning LNK4099: PDB "BulletCollision.pdb" wurde nicht mit "BulletCollision_Debug.lib(btConvexConvexAlgorithm.obj)" oder an "D:\SimpleGameEngine\x64\Debug\BulletCollision.pdb" gefunden; Objekt wird verknüpft, als ob keine Debuginformationen vorhanden wären.
BulletCollision_Debug.lib(btConvexPlaneCollisionAlgorithm.obj) : warning LNK4099: PDB "BulletCollision.pdb" wurde nicht mit "BulletCollision_Debug.lib(btConvexPlaneCollisionAlgorithm.obj)" oder an "D:\SimpleGameEngine\x64\Debug\BulletCollision.pdb" gefunden; Objekt wird verknüpft, als ob keine Debuginformationen vorhanden wären.
BulletCollision_Debug.lib(btDefaultCollisionConfiguration.obj) : warning LNK4099: PDB "BulletCollision.pdb" wurde nicht mit "BulletCollision_Debug.lib(btDefaultCollisionConfiguration.obj)" oder an "D:\SimpleGameEngine\x64\Debug\BulletCollision.pdb" gefunden; Objekt wird verknüpft, als ob keine Debuginformationen vorhanden wären.
BulletCollision_Debug.lib(btEmptyCollisionAlgorithm.obj) : warning LNK4099: PDB "BulletCollision.pdb" wurde nicht mit "BulletCollision_Debug.lib(btEmptyCollisionAlgorithm.obj)" oder an "D:\SimpleGameEngine\x64\Debug\BulletCollision.pdb" gefunden; Objekt wird verknüpft, als ob keine Debuginformationen vorhanden wären.
BulletCollision_Debug.lib(btHashedSimplePairCache.obj) : warning LNK4099: PDB "BulletCollision.pdb" wurde nicht mit "BulletCollision_Debug.lib(btHashedSimplePairCache.obj)" oder an "D:\SimpleGameEngine\x64\Debug\BulletCollision.pdb" gefunden; Objekt wird verknüpft, als ob keine Debuginformationen vorhanden wären.
BulletCollision_Debug.lib(btManifoldResult.obj) : warning LNK4099: PDB "BulletCollision.pdb" wurde nicht mit "BulletCollision_Debug.lib(btManifoldResult.obj)" oder an "D:\SimpleGameEngine\x64\Debug\BulletCollision.pdb" gefunden; Objekt wird verknüpft, als ob keine Debuginformationen vorhanden wären.
BulletCollision_Debug.lib(btSimulationIslandManager.obj) : warning LNK4099: PDB "BulletCollision.pdb" wurde nicht mit "BulletCollision_Debug.lib(btSimulationIslandManager.obj)" oder an "D:\SimpleGameEngine\x64\Debug\BulletCollision.pdb" gefunden; Objekt wird verknüpft, als ob keine Debuginformationen vorhanden wären.
BulletCollision_Debug.lib(btSphereSphereCollisionAlgorithm.obj) : warning LNK4099: PDB "BulletCollision.pdb" wurde nicht mit "BulletCollision_Debug.lib(btSphereSphereCollisionAlgorithm.obj)" oder an "D:\SimpleGameEngine\x64\Debug\BulletCollision.pdb" gefunden; Objekt wird verknüpft, als ob keine Debuginformationen vorhanden wären.
BulletCollision_Debug.lib(btSphereTriangleCollisionAlgorithm.obj) : warning LNK4099: PDB "BulletCollision.pdb" wurde nicht mit "BulletCollision_Debug.lib(btSphereTriangleCollisionAlgorithm.obj)" oder an "D:\SimpleGameEngine\x64\Debug\BulletCollision.pdb" gefunden; Objekt wird verknüpft, als ob keine Debuginformationen vorhanden wären.
BulletCollision_Debug.lib(btUnionFind.obj) : warning LNK4099: PDB "BulletCollision.pdb" wurde nicht mit "BulletCollision_Debug.lib(btUnionFind.obj)" oder an "D:\SimpleGameEngine\x64\Debug\BulletCollision.pdb" gefunden; Objekt wird verknüpft, als ob keine Debuginformationen vorhanden wären.
BulletCollision_Debug.lib(SphereTriangleDetector.obj) : warning LNK4099: PDB "BulletCollision.pdb" wurde nicht mit "BulletCollision_Debug.lib(SphereTriangleDetector.obj)" oder an "D:\SimpleGameEngine\x64\Debug\BulletCollision.pdb" gefunden; Objekt wird verknüpft, als ob keine Debuginformationen vorhanden wären.
BulletCollision_Debug.lib(btBoxShape.obj) : warning LNK4099: PDB "BulletCollision.pdb" wurde nicht mit "BulletCollision_Debug.lib(btBoxShape.obj)" oder an "D:\SimpleGameEngine\x64\Debug\BulletCollision.pdb" gefunden; Objekt wird verknüpft, als ob keine Debuginformationen vorhanden wären.
BulletCollision_Debug.lib(btBvhTriangleMeshShape.obj) : warning LNK4099: PDB "BulletCollision.pdb" wurde nicht mit "BulletCollision_Debug.lib(btBvhTriangleMeshShape.obj)" oder an "D:\SimpleGameEngine\x64\Debug\BulletCollision.pdb" gefunden; Objekt wird verknüpft, als ob keine Debuginformationen vorhanden wären.
BulletCollision_Debug.lib(btCapsuleShape.obj) : warning LNK4099: PDB "BulletCollision.pdb" wurde nicht mit "BulletCollision_Debug.lib(btCapsuleShape.obj)" oder an "D:\SimpleGameEngine\x64\Debug\BulletCollision.pdb" gefunden; Objekt wird verknüpft, als ob keine Debuginformationen vorhanden wären.
BulletCollision_Debug.lib(btCollisionShape.obj) : warning LNK4099: PDB "BulletCollision.pdb" wurde nicht mit "BulletCollision_Debug.lib(btCollisionShape.obj)" oder an "D:\SimpleGameEngine\x64\Debug\BulletCollision.pdb" gefunden; Objekt wird verknüpft, als ob keine Debuginformationen vorhanden wären.
BulletCollision_Debug.lib(btCompoundShape.obj) : warning LNK4099: PDB "BulletCollision.pdb" wurde nicht mit "BulletCollision_Debug.lib(btCompoundShape.obj)" oder an "D:\SimpleGameEngine\x64\Debug\BulletCollision.pdb" gefunden; Objekt wird verknüpft, als ob keine Debuginformationen vorhanden wären.
BulletCollision_Debug.lib(btConcaveShape.obj) : warning LNK4099: PDB "BulletCollision.pdb" wurde nicht mit "BulletCollision_Debug.lib(btConcaveShape.obj)" oder an "D:\SimpleGameEngine\x64\Debug\BulletCollision.pdb" gefunden; Objekt wird verknüpft, als ob keine Debuginformationen vorhanden wären.
BulletCollision_Debug.lib(btConeShape.obj) : warning LNK4099: PDB "BulletCollision.pdb" wurde nicht mit "BulletCollision_Debug.lib(btConeShape.obj)" oder an "D:\SimpleGameEngine\x64\Debug\BulletCollision.pdb" gefunden; Objekt wird verknüpft, als ob keine Debuginformationen vorhanden wären.
BulletCollision_Debug.lib(btConvexHullShape.obj) : warning LNK4099: PDB "BulletCollision.pdb" wurde nicht mit "BulletCollision_Debug.lib(btConvexHullShape.obj)" oder an "D:\SimpleGameEngine\x64\Debug\BulletCollision.pdb" gefunden; Objekt wird verknüpft, als ob keine Debuginformationen vorhanden wären.
BulletCollision_Debug.lib(btConvexInternalShape.obj) : warning LNK4099: PDB "BulletCollision.pdb" wurde nicht mit "BulletCollision_Debug.lib(btConvexInternalShape.obj)" oder an "D:\SimpleGameEngine\x64\Debug\BulletCollision.pdb" gefunden; Objekt wird verknüpft, als ob keine Debuginformationen vorhanden wären.
BulletCollision_Debug.lib(btConvexPolyhedron.obj) : warning LNK4099: PDB "BulletCollision.pdb" wurde nicht mit "BulletCollision_Debug.lib(btConvexPolyhedron.obj)" oder an "D:\SimpleGameEngine\x64\Debug\BulletCollision.pdb" gefunden; Objekt wird verknüpft, als ob keine Debuginformationen vorhanden wären.
BulletCollision_Debug.lib(btConvexShape.obj) : warning LNK4099: PDB "BulletCollision.pdb" wurde nicht mit "BulletCollision_Debug.lib(btConvexShape.obj)" oder an "D:\SimpleGameEngine\x64\Debug\BulletCollision.pdb" gefunden; Objekt wird verknüpft, als ob keine Debuginformationen vorhanden wären.
BulletCollision_Debug.lib(btConvexTriangleMeshShape.obj) : warning LNK4099: PDB "BulletCollision.pdb" wurde nicht mit "BulletCollision_Debug.lib(btConvexTriangleMeshShape.obj)" oder an "D:\SimpleGameEngine\x64\Debug\BulletCollision.pdb" gefunden; Objekt wird verknüpft, als ob keine Debuginformationen vorhanden wären.
BulletCollision_Debug.lib(btCylinderShape.obj) : warning LNK4099: PDB "BulletCollision.pdb" wurde nicht mit "BulletCollision_Debug.lib(btCylinderShape.obj)" oder an "D:\SimpleGameEngine\x64\Debug\BulletCollision.pdb" gefunden; Objekt wird verknüpft, als ob keine Debuginformationen vorhanden wären.
BulletCollision_Debug.lib(btMultiSphereShape.obj) : warning LNK4099: PDB "BulletCollision.pdb" wurde nicht mit "BulletCollision_Debug.lib(btMultiSphereShape.obj)" oder an "D:\SimpleGameEngine\x64\Debug\BulletCollision.pdb" gefunden; Objekt wird verknüpft, als ob keine Debuginformationen vorhanden wären.
BulletCollision_Debug.lib(btOptimizedBvh.obj) : warning LNK4099: PDB "BulletCollision.pdb" wurde nicht mit "BulletCollision_Debug.lib(btOptimizedBvh.obj)" oder an "D:\SimpleGameEngine\x64\Debug\BulletCollision.pdb" gefunden; Objekt wird verknüpft, als ob keine Debuginformationen vorhanden wären.
BulletCollision_Debug.lib(btPolyhedralConvexShape.obj) : warning LNK4099: PDB "BulletCollision.pdb" wurde nicht mit "BulletCollision_Debug.lib(btPolyhedralConvexShape.obj)" oder an "D:\SimpleGameEngine\x64\Debug\BulletCollision.pdb" gefunden; Objekt wird verknüpft, als ob keine Debuginformationen vorhanden wären.
BulletCollision_Debug.lib(btScaledBvhTriangleMeshShape.obj) : warning LNK4099: PDB "BulletCollision.pdb" wurde nicht mit "BulletCollision_Debug.lib(btScaledBvhTriangleMeshShape.obj)" oder an "D:\SimpleGameEngine\x64\Debug\BulletCollision.pdb" gefunden; Objekt wird verknüpft, als ob keine Debuginformationen vorhanden wären.
BulletCollision_Debug.lib(btShapeHull.obj) : warning LNK4099: PDB "BulletCollision.pdb" wurde nicht mit "BulletCollision_Debug.lib(btShapeHull.obj)" oder an "D:\SimpleGameEngine\x64\Debug\BulletCollision.pdb" gefunden; Objekt wird verknüpft, als ob keine Debuginformationen vorhanden wären.
BulletCollision_Debug.lib(btSphereShape.obj) : warning LNK4099: PDB "BulletCollision.pdb" wurde nicht mit "BulletCollision_Debug.lib(btSphereShape.obj)" oder an "D:\SimpleGameEngine\x64\Debug\BulletCollision.pdb" gefunden; Objekt wird verknüpft, als ob keine Debuginformationen vorhanden wären.
BulletCollision_Debug.lib(btStaticPlaneShape.obj) : warning LNK4099: PDB "BulletCollision.pdb" wurde nicht mit "BulletCollision_Debug.lib(btStaticPlaneShape.obj)" oder an "D:\SimpleGameEngine\x64\Debug\BulletCollision.pdb" gefunden; Objekt wird verknüpft, als ob keine Debuginformationen vorhanden wären.
BulletCollision_Debug.lib(btStridingMeshInterface.obj) : warning LNK4099: PDB "BulletCollision.pdb" wurde nicht mit "BulletCollision_Debug.lib(btStridingMeshInterface.obj)" oder an "D:\SimpleGameEngine\x64\Debug\BulletCollision.pdb" gefunden; Objekt wird verknüpft, als ob keine Debuginformationen vorhanden wären.
BulletCollision_Debug.lib(btTriangleCallback.obj) : warning LNK4099: PDB "BulletCollision.pdb" wurde nicht mit "BulletCollision_Debug.lib(btTriangleCallback.obj)" oder an "D:\SimpleGameEngine\x64\Debug\BulletCollision.pdb" gefunden; Objekt wird verknüpft, als ob keine Debuginformationen vorhanden wären.
BulletCollision_Debug.lib(btTriangleIndexVertexArray.obj) : warning LNK4099: PDB "BulletCollision.pdb" wurde nicht mit "BulletCollision_Debug.lib(btTriangleIndexVertexArray.obj)" oder an "D:\SimpleGameEngine\x64\Debug\BulletCollision.pdb" gefunden; Objekt wird verknüpft, als ob keine Debuginformationen vorhanden wären.
BulletCollision_Debug.lib(btTriangleMesh.obj) : warning LNK4099: PDB "BulletCollision.pdb" wurde nicht mit "BulletCollision_Debug.lib(btTriangleMesh.obj)" oder an "D:\SimpleGameEngine\x64\Debug\BulletCollision.pdb" gefunden; Objekt wird verknüpft, als ob keine Debuginformationen vorhanden wären.
BulletCollision_Debug.lib(btTriangleMeshShape.obj) : warning LNK4099: PDB "BulletCollision.pdb" wurde nicht mit "BulletCollision_Debug.lib(btTriangleMeshShape.obj)" oder an "D:\SimpleGameEngine\x64\Debug\BulletCollision.pdb" gefunden; Objekt wird verknüpft, als ob keine Debuginformationen vorhanden wären.
BulletCollision_Debug.lib(btContinuousConvexCollision.obj) : warning LNK4099: PDB "BulletCollision.pdb" wurde nicht mit "BulletCollision_Debug.lib(btContinuousConvexCollision.obj)" oder an "D:\SimpleGameEngine\x64\Debug\BulletCollision.pdb" gefunden; Objekt wird verknüpft, als ob keine Debuginformationen vorhanden wären.
BulletCollision_Debug.lib(btConvexCast.obj) : warning LNK4099: PDB "BulletCollision.pdb" wurde nicht mit "BulletCollision_Debug.lib(btConvexCast.obj)" oder an "D:\SimpleGameEngine\x64\Debug\BulletCollision.pdb" gefunden; Objekt wird verknüpft, als ob keine Debuginformationen vorhanden wären.
BulletCollision_Debug.lib(btGjkConvexCast.obj) : warning LNK4099: PDB "BulletCollision.pdb" wurde nicht mit "BulletCollision_Debug.lib(btGjkConvexCast.obj)" oder an "D:\SimpleGameEngine\x64\Debug\BulletCollision.pdb" gefunden; Objekt wird verknüpft, als ob keine Debuginformationen vorhanden wären.
BulletCollision_Debug.lib(btGjkEpa2.obj) : warning LNK4099: PDB "BulletCollision.pdb" wurde nicht mit "BulletCollision_Debug.lib(btGjkEpa2.obj)" oder an "D:\SimpleGameEngine\x64\Debug\BulletCollision.pdb" gefunden; Objekt wird verknüpft, als ob keine Debuginformationen vorhanden wären.
BulletCollision_Debug.lib(btGjkEpaPenetrationDepthSolver.obj) : warning LNK4099: PDB "BulletCollision.pdb" wurde nicht mit "BulletCollision_Debug.lib(btGjkEpaPenetrationDepthSolver.obj)" oder an "D:\SimpleGameEngine\x64\Debug\BulletCollision.pdb" gefunden; Objekt wird verknüpft, als ob keine Debuginformationen vorhanden wären.
BulletCollision_Debug.lib(btGjkPairDetector.obj) : warning LNK4099: PDB "BulletCollision.pdb" wurde nicht mit "BulletCollision_Debug.lib(btGjkPairDetector.obj)" oder an "D:\SimpleGameEngine\x64\Debug\BulletCollision.pdb" gefunden; Objekt wird verknüpft, als ob keine Debuginformationen vorhanden wären.
BulletCollision_Debug.lib(btMinkowskiPenetrationDepthSolver.obj) : warning LNK4099: PDB "BulletCollision.pdb" wurde nicht mit "BulletCollision_Debug.lib(btMinkowskiPenetrationDepthSolver.obj)" oder an "D:\SimpleGameEngine\x64\Debug\BulletCollision.pdb" gefunden; Objekt wird verknüpft, als ob keine Debuginformationen vorhanden wären.
BulletCollision_Debug.lib(btPersistentManifold.obj) : warning LNK4099: PDB "BulletCollision.pdb" wurde nicht mit "BulletCollision_Debug.lib(btPersistentManifold.obj)" oder an "D:\SimpleGameEngine\x64\Debug\BulletCollision.pdb" gefunden; Objekt wird verknüpft, als ob keine Debuginformationen vorhanden wären.
BulletCollision_Debug.lib(btRaycastCallback.obj) : warning LNK4099: PDB "BulletCollision.pdb" wurde nicht mit "BulletCollision_Debug.lib(btRaycastCallback.obj)" oder an "D:\SimpleGameEngine\x64\Debug\BulletCollision.pdb" gefunden; Objekt wird verknüpft, als ob keine Debuginformationen vorhanden wären.
BulletCollision_Debug.lib(btSubSimplexConvexCast.obj) : warning LNK4099: PDB "BulletCollision.pdb" wurde nicht mit "BulletCollision_Debug.lib(btSubSimplexConvexCast.obj)" oder an "D:\SimpleGameEngine\x64\Debug\BulletCollision.pdb" gefunden; Objekt wird verknüpft, als ob keine Debuginformationen vorhanden wären.
BulletCollision_Debug.lib(btVoronoiSimplexSolver.obj) : warning LNK4099: PDB "BulletCollision.pdb" wurde nicht mit "BulletCollision_Debug.lib(btVoronoiSimplexSolver.obj)" oder an "D:\SimpleGameEngine\x64\Debug\BulletCollision.pdb" gefunden; Objekt wird verknüpft, als ob keine Debuginformationen vorhanden wären.
BulletCollision_Debug.lib(btPolyhedralContactClipping.obj) : warning LNK4099: PDB "BulletCollision.pdb" wurde nicht mit "BulletCollision_Debug.lib(btPolyhedralContactClipping.obj)" oder an "D:\SimpleGameEngine\x64\Debug\BulletCollision.pdb" gefunden; Objekt wird verknüpft, als ob keine Debuginformationen vorhanden wären.
BulletDynamics_Debug.lib(btConeTwistConstraint.obj) : warning LNK4099: PDB "BulletDynamics.pdb" wurde nicht mit "BulletDynamics_Debug.lib(btConeTwistConstraint.obj)" oder an "D:\SimpleGameEngine\x64\Debug\BulletDynamics.pdb" gefunden; Objekt wird verknüpft, als ob keine Debuginformationen vorhanden wären.
BulletDynamics_Debug.lib(btGearConstraint.obj) : warning LNK4099: PDB "BulletDynamics.pdb" wurde nicht mit "BulletDynamics_Debug.lib(btGearConstraint.obj)" oder an "D:\SimpleGameEngine\x64\Debug\BulletDynamics.pdb" gefunden; Objekt wird verknüpft, als ob keine Debuginformationen vorhanden wären.
BulletDynamics_Debug.lib(btGeneric6DofConstraint.obj) : warning LNK4099: PDB "BulletDynamics.pdb" wurde nicht mit "BulletDynamics_Debug.lib(btGeneric6DofConstraint.obj)" oder an "D:\SimpleGameEngine\x64\Debug\BulletDynamics.pdb" gefunden; Objekt wird verknüpft, als ob keine Debuginformationen vorhanden wären.
BulletDynamics_Debug.lib(btGeneric6DofSpringConstraint.obj) : warning LNK4099: PDB "BulletDynamics.pdb" wurde nicht mit "BulletDynamics_Debug.lib(btGeneric6DofSpringConstraint.obj)" oder an "D:\SimpleGameEngine\x64\Debug\BulletDynamics.pdb" gefunden; Objekt wird verknüpft, als ob keine Debuginformationen vorhanden wären.
BulletDynamics_Debug.lib(btGeneric6DofSpring2Constraint.obj) : warning LNK4099: PDB "BulletDynamics.pdb" wurde nicht mit "BulletDynamics_Debug.lib(btGeneric6DofSpring2Constraint.obj)" oder an "D:\SimpleGameEngine\x64\Debug\BulletDynamics.pdb" gefunden; Objekt wird verknüpft, als ob keine Debuginformationen vorhanden wären.
BulletDynamics_Debug.lib(btHingeConstraint.obj) : warning LNK4099: PDB "BulletDynamics.pdb" wurde nicht mit "BulletDynamics_Debug.lib(btHingeConstraint.obj)" oder an "D:\SimpleGameEngine\x64\Debug\BulletDynamics.pdb" gefunden; Objekt wird verknüpft, als ob keine Debuginformationen vorhanden wären.
BulletDynamics_Debug.lib(btPoint2PointConstraint.obj) : warning LNK4099: PDB "BulletDynamics.pdb" wurde nicht mit "BulletDynamics_Debug.lib(btPoint2PointConstraint.obj)" oder an "D:\SimpleGameEngine\x64\Debug\BulletDynamics.pdb" gefunden; Objekt wird verknüpft, als ob keine Debuginformationen vorhanden wären.
BulletDynamics_Debug.lib(btSequentialImpulseConstraintSolver.obj) : warning LNK4099: PDB "BulletDynamics.pdb" wurde nicht mit "BulletDynamics_Debug.lib(btSequentialImpulseConstraintSolver.obj)" oder an "D:\SimpleGameEngine\x64\Debug\BulletDynamics.pdb" gefunden; Objekt wird verknüpft, als ob keine Debuginformationen vorhanden wären.
BulletDynamics_Debug.lib(btSliderConstraint.obj) : warning LNK4099: PDB "BulletDynamics.pdb" wurde nicht mit "BulletDynamics_Debug.lib(btSliderConstraint.obj)" oder an "D:\SimpleGameEngine\x64\Debug\BulletDynamics.pdb" gefunden; Objekt wird verknüpft, als ob keine Debuginformationen vorhanden wären.
BulletDynamics_Debug.lib(btTypedConstraint.obj) : warning LNK4099: PDB "BulletDynamics.pdb" wurde nicht mit "BulletDynamics_Debug.lib(btTypedConstraint.obj)" oder an "D:\SimpleGameEngine\x64\Debug\BulletDynamics.pdb" gefunden; Objekt wird verknüpft, als ob keine Debuginformationen vorhanden wären.
BulletDynamics_Debug.lib(btDiscreteDynamicsWorld.obj) : warning LNK4099: PDB "BulletDynamics.pdb" wurde nicht mit "BulletDynamics_Debug.lib(btDiscreteDynamicsWorld.obj)" oder an "D:\SimpleGameEngine\x64\Debug\BulletDynamics.pdb" gefunden; Objekt wird verknüpft, als ob keine Debuginformationen vorhanden wären.
BulletDynamics_Debug.lib(btRigidBody.obj) : warning LNK4099: PDB "BulletDynamics.pdb" wurde nicht mit "BulletDynamics_Debug.lib(btRigidBody.obj)" oder an "D:\SimpleGameEngine\x64\Debug\BulletDynamics.pdb" gefunden; Objekt wird verknüpft, als ob keine Debuginformationen vorhanden wären.
HACD_Debug.lib(hacdGraph.obj) : warning LNK4099: PDB "HACD.pdb" wurde nicht mit "HACD_Debug.lib(hacdGraph.obj)" oder an "D:\SimpleGameEngine\x64\Debug\HACD.pdb" gefunden; Objekt wird verknüpft, als ob keine Debuginformationen vorhanden wären.
HACD_Debug.lib(hacdHACD.obj) : warning LNK4099: PDB "HACD.pdb" wurde nicht mit "HACD_Debug.lib(hacdHACD.obj)" oder an "D:\SimpleGameEngine\x64\Debug\HACD.pdb" gefunden; Objekt wird verknüpft, als ob keine Debuginformationen vorhanden wären.
HACD_Debug.lib(hacdICHull.obj) : warning LNK4099: PDB "HACD.pdb" wurde nicht mit "HACD_Debug.lib(hacdICHull.obj)" oder an "D:\SimpleGameEngine\x64\Debug\HACD.pdb" gefunden; Objekt wird verknüpft, als ob keine Debuginformationen vorhanden wären.
HACD_Debug.lib(hacdManifoldMesh.obj) : warning LNK4099: PDB "HACD.pdb" wurde nicht mit "HACD_Debug.lib(hacdManifoldMesh.obj)" oder an "D:\SimpleGameEngine\x64\Debug\HACD.pdb" gefunden; Objekt wird verknüpft, als ob keine Debuginformationen vorhanden wären.
LinearMath_Debug.lib(btAlignedAllocator.obj) : warning LNK4099: PDB "LinearMath.pdb" wurde nicht mit "LinearMath_Debug.lib(btAlignedAllocator.obj)" oder an "D:\SimpleGameEngine\x64\Debug\LinearMath.pdb" gefunden; Objekt wird verknüpft, als ob keine Debuginformationen vorhanden wären.
LinearMath_Debug.lib(btConvexHull.obj) : warning LNK4099: PDB "LinearMath.pdb" wurde nicht mit "LinearMath_Debug.lib(btConvexHull.obj)" oder an "D:\SimpleGameEngine\x64\Debug\LinearMath.pdb" gefunden; Objekt wird verknüpft, als ob keine Debuginformationen vorhanden wären.
LinearMath_Debug.lib(btConvexHullComputer.obj) : warning LNK4099: PDB "LinearMath.pdb" wurde nicht mit "LinearMath_Debug.lib(btConvexHullComputer.obj)" oder an "D:\SimpleGameEngine\x64\Debug\LinearMath.pdb" gefunden; Objekt wird verknüpft, als ob keine Debuginformationen vorhanden wären.
LinearMath_Debug.lib(btGeometryUtil.obj) : warning LNK4099: PDB "LinearMath.pdb" wurde nicht mit "LinearMath_Debug.lib(btGeometryUtil.obj)" oder an "D:\SimpleGameEngine\x64\Debug\LinearMath.pdb" gefunden; Objekt wird verknüpft, als ob keine Debuginformationen vorhanden wären.
LinearMath_Debug.lib(btQuickprof.obj) : warning LNK4099: PDB "LinearMath.pdb" wurde nicht mit "LinearMath_Debug.lib(btQuickprof.obj)" oder an "D:\SimpleGameEngine\x64\Debug\LinearMath.pdb" gefunden; Objekt wird verknüpft, als ob keine Debuginformationen vorhanden wären.
LinearMath_Debug.lib(btSerializer.obj) : warning LNK4099: PDB "LinearMath.pdb" wurde nicht mit "LinearMath_Debug.lib(btSerializer.obj)" oder an "D:\SimpleGameEngine\x64\Debug\LinearMath.pdb" gefunden; Objekt wird verknüpft, als ob keine Debuginformationen vorhanden wären.
LinearMath_Debug.lib(btVector3.obj) : warning LNK4099: PDB "LinearMath.pdb" wurde nicht mit "LinearMath_Debug.lib(btVector3.obj)" oder an "D:\SimpleGameEngine\x64\Debug\LinearMath.pdb" gefunden; Objekt wird verknüpft, als ob keine Debuginformationen vorhanden wären.
BulletFileLoader_Debug.lib(bChunk.obj) : warning LNK4099: PDB "BulletFileLoader.pdb" wurde nicht mit "BulletFileLoader_Debug.lib(bChunk.obj)" oder an "D:\SimpleGameEngine\x64\Debug\BulletFileLoader.pdb" gefunden; Objekt wird verknüpft, als ob keine Debuginformationen vorhanden wären.
BulletFileLoader_Debug.lib(bDNA.obj) : warning LNK4099: PDB "BulletFileLoader.pdb" wurde nicht mit "BulletFileLoader_Debug.lib(bDNA.obj)" oder an "D:\SimpleGameEngine\x64\Debug\BulletFileLoader.pdb" gefunden; Objekt wird verknüpft, als ob keine Debuginformationen vorhanden wären.
BulletFileLoader_Debug.lib(bFile.obj) : warning LNK4099: PDB "BulletFileLoader.pdb" wurde nicht mit "BulletFileLoader_Debug.lib(bFile.obj)" oder an "D:\SimpleGameEngine\x64\Debug\BulletFileLoader.pdb" gefunden; Objekt wird verknüpft, als ob keine Debuginformationen vorhanden wären.
BulletFileLoader_Debug.lib(btBulletFile.obj) : warning LNK4099: PDB "BulletFileLoader.pdb" wurde nicht mit "BulletFileLoader_Debug.lib(btBulletFile.obj)" oder an "D:\SimpleGameEngine\x64\Debug\BulletFileLoader.pdb" gefunden; Objekt wird verknüpft, als ob keine Debuginformationen vorhanden wären.
BulletWorldImporter_Debug.lib(btBulletWorldImporter.obj) : warning LNK4099: PDB "BulletWorldImporter.pdb" wurde nicht mit "BulletWorldImporter_Debug.lib(btBulletWorldImporter.obj)" oder an "D:\SimpleGameEngine\x64\Debug\BulletWorldImporter.pdb" gefunden; Objekt wird verknüpft, als ob keine Debuginformationen vorhanden wären.
BulletWorldImporter_Debug.lib(btWorldImporter.obj) : warning LNK4099: PDB "BulletWorldImporter.pdb" wurde nicht mit "BulletWorldImporter_Debug.lib(btWorldImporter.obj)" oder an "D:\SimpleGameEngine\x64\Debug\BulletWorldImporter.pdb" gefunden; Objekt wird verknüpft, als ob keine Debuginformationen vorhanden wären.
  Simple_Game_Engine.vcxproj -> D:\SimpleGameEngine\x64\Debug\Simple_Game_Engine.exe
  Simple_Game_Engine.vcxproj -> D:\SimpleGameEngine\x64\Debug\Simple_Game_Engine.pdb (Partial PDB)
