d:\documents\vs 2015\simple_game_engine\simple_game_engine\x64\release\vc141.pdb
d:\documents\vs 2015\simple_game_engine\simple_game_engine\x64\release\gbufferdebuggingshader.obj
d:\documents\vs 2015\simple_game_engine\simple_game_engine\x64\release\frustumculling.obj
d:\documents\vs 2015\simple_game_engine\simple_game_engine\x64\release\fpstimer.obj
d:\documents\vs 2015\simple_game_engine\simple_game_engine\x64\release\directionallightshader.obj
d:\documents\vs 2015\simple_game_engine\simple_game_engine\x64\release\deferredshader.obj
d:\documents\vs 2015\simple_game_engine\simple_game_engine\x64\release\deferredbuffer.obj
d:\documents\vs 2015\simple_game_engine\simple_game_engine\x64\release\screengrab.obj
d:\documents\vs 2015\simple_game_engine\simple_game_engine\x64\release\ddstextureloader.obj
d:\documents\vs 2015\simple_game_engine\simple_game_engine\x64\release\d3d.obj
d:\documents\vs 2015\simple_game_engine\simple_game_engine\x64\release\cpuperformance.obj
d:\documents\vs 2015\simple_game_engine\simple_game_engine\x64\release\convexdecomposition.obj
d:\documents\vs 2015\simple_game_engine\simple_game_engine\x64\release\configdataparser.obj
d:\documents\vs 2015\simple_game_engine\simple_game_engine\x64\release\configdata.obj
d:\documents\vs 2015\simple_game_engine\simple_game_engine\x64\release\commandmanager.obj
d:\documents\vs 2015\simple_game_engine\simple_game_engine\x64\release\commandbase.obj
d:\documents\vs 2015\simple_game_engine\simple_game_engine\x64\release\capsulelightshader.obj
d:\documents\vs 2015\simple_game_engine\simple_game_engine\x64\release\camera.obj
d:\documents\vs 2015\simple_game_engine\simple_game_engine\x64\release\bitmap.obj
d:\documents\vs 2015\simple_game_engine\simple_game_engine\x64\release\application.obj
d:\documents\vs 2015\simple_game_engine\simple_game_engine\x64\release\animatedmodel.obj
d:\documents\vs 2015\simple_game_engine\simple_game_engine\x64\release\timer.obj
d:\documents\vs 2015\simple_game_engine\simple_game_engine\x64\release\textureshader.obj
d:\documents\vs 2015\simple_game_engine\simple_game_engine\x64\release\texturemanager.obj
d:\documents\vs 2015\simple_game_engine\simple_game_engine\x64\release\texture.obj
d:\documents\vs 2015\simple_game_engine\simple_game_engine\x64\release\terrain.obj
d:\documents\vs 2015\simple_game_engine\simple_game_engine\x64\release\system.obj
d:\documents\vs 2015\simple_game_engine\simple_game_engine\x64\release\statemanager.obj
d:\documents\vs 2015\simple_game_engine\simple_game_engine\x64\release\spotlightshader.obj
d:\documents\vs 2015\simple_game_engine\simple_game_engine\x64\release\skyboxshader.obj
d:\documents\vs 2015\simple_game_engine\simple_game_engine\x64\release\shadermanager.obj
d:\documents\vs 2015\simple_game_engine\simple_game_engine\x64\release\pointlightshader.obj
d:\documents\vs 2015\simple_game_engine\simple_game_engine\x64\release\physicworld.obj
d:\documents\vs 2015\simple_game_engine\simple_game_engine\x64\release\pbstaticmodel.obj
d:\documents\vs 2015\simple_game_engine\simple_game_engine\x64\release\modelmanager.obj
d:\documents\vs 2015\simple_game_engine\simple_game_engine\x64\release\materialmanager.obj
d:\documents\vs 2015\simple_game_engine\simple_game_engine\x64\release\map.obj
d:\documents\vs 2015\simple_game_engine\simple_game_engine\x64\release\main.obj
d:\documents\vs 2015\simple_game_engine\simple_game_engine\x64\release\linelistshader.obj
d:\documents\vs 2015\simple_game_engine\simple_game_engine\x64\release\lightmanager.obj
d:\documents\vs 2015\simple_game_engine\simple_game_engine\x64\release\iblshader.obj
d:\documents\vs 2015\simple_game_engine\simple_game_engine\x64\release\sceneworlddata.obj
d:\documents\vs 2015\simple_game_engine\simple_game_engine\x64\release\userinterface.obj
d:\documents\vs 2015\simple_game_engine\simple_game_engine\x64\release\userinput.obj
d:\documents\vs 2015\simple_game_engine\simple_game_engine\x64\release\configdataclass.obj
d:\documents\vs 2015\simple_game_engine\simple_game_engine\x64\release\configdatasection.obj
d:\documents\vs 2015\simple_game_engine\simple_game_engine\x64\release\rigidbodys.obj
d:\simplegameengine\simple_game_engine\x64\release\vc141.pdb
d:\simplegameengine\simple_game_engine\x64\release\frustumculling.obj
d:\simplegameengine\simple_game_engine\x64\release\fpstimer.obj
d:\simplegameengine\simple_game_engine\x64\release\directionallightshader.obj
d:\simplegameengine\simple_game_engine\x64\release\deferredshader.obj
d:\simplegameengine\simple_game_engine\x64\release\deferredbuffer.obj
d:\simplegameengine\simple_game_engine\x64\release\screengrab.obj
d:\simplegameengine\simple_game_engine\x64\release\ddstextureloader.obj
d:\simplegameengine\simple_game_engine\x64\release\d3d.obj
d:\simplegameengine\simple_game_engine\x64\release\cpuperformance.obj
d:\simplegameengine\simple_game_engine\x64\release\convexdecomposition.obj
d:\simplegameengine\simple_game_engine\x64\release\configdatasection.obj
d:\simplegameengine\simple_game_engine\x64\release\configdataparser.obj
d:\simplegameengine\simple_game_engine\x64\release\configdata.obj
d:\simplegameengine\simple_game_engine\x64\release\commandmanager.obj
d:\simplegameengine\simple_game_engine\x64\release\commandbase.obj
d:\simplegameengine\simple_game_engine\x64\release\capsulelightshader.obj
d:\simplegameengine\simple_game_engine\x64\release\camera.obj
d:\simplegameengine\simple_game_engine\x64\release\bitmap.obj
d:\simplegameengine\simple_game_engine\x64\release\application.obj
d:\simplegameengine\simple_game_engine\x64\release\animatedmodel.obj
d:\simplegameengine\simple_game_engine\x64\release\texturemanager.obj
d:\simplegameengine\simple_game_engine\x64\release\texture.obj
d:\simplegameengine\simple_game_engine\x64\release\terrain.obj
d:\simplegameengine\simple_game_engine\x64\release\system.obj
d:\simplegameengine\simple_game_engine\x64\release\statemanager.obj
d:\simplegameengine\simple_game_engine\x64\release\spotlightshader.obj
d:\simplegameengine\simple_game_engine\x64\release\skyboxshader.obj
d:\simplegameengine\simple_game_engine\x64\release\shadermanager.obj
d:\simplegameengine\simple_game_engine\x64\release\rigidbodys.obj
d:\simplegameengine\simple_game_engine\x64\release\pointlightshader.obj
d:\simplegameengine\simple_game_engine\x64\release\physicworld.obj
d:\simplegameengine\simple_game_engine\x64\release\pbstaticmodel.obj
d:\simplegameengine\simple_game_engine\x64\release\modelmanager.obj
d:\simplegameengine\simple_game_engine\x64\release\materialmanager.obj
d:\simplegameengine\simple_game_engine\x64\release\map.obj
d:\simplegameengine\simple_game_engine\x64\release\main.obj
d:\simplegameengine\simple_game_engine\x64\release\linelistshader.obj
d:\simplegameengine\simple_game_engine\x64\release\lightmanager.obj
d:\simplegameengine\simple_game_engine\x64\release\iblshader.obj
d:\simplegameengine\simple_game_engine\x64\release\gbufferdebuggingshader.obj
d:\simplegameengine\simple_game_engine\x64\release\sceneworlddata.obj
d:\simplegameengine\simple_game_engine\x64\release\userinterface.obj
d:\simplegameengine\simple_game_engine\x64\release\userinput.obj
d:\simplegameengine\simple_game_engine\x64\release\timer.obj
d:\simplegameengine\simple_game_engine\x64\release\textureshader.obj
d:\documents\vs 2015\simple_game_engine\x64\release\simple_game_engine.exe
d:\documents\vs 2015\simple_game_engine\x64\release\simple_game_engine.pdb
d:\simplegameengine\x64\release\simple_game_engine.exe
d:\simplegameengine\x64\release\simple_game_engine.pdb
d:\documents\vs 2015\simple_game_engine\x64\release\simple_game_engine.ipdb
d:\documents\vs 2015\simple_game_engine\x64\release\simple_game_engine.iobj
d:\documents\vs 2015\simple_game_engine\x64\release\deferredcapsulelightshader.cso
d:\documents\vs 2015\simple_game_engine\x64\release\deferreddirectionallightshader.cso
d:\documents\vs 2015\simple_game_engine\x64\release\deferrediblshader.cso
d:\documents\vs 2015\simple_game_engine\x64\release\deferredpointlightshader.cso
d:\documents\vs 2015\simple_game_engine\x64\release\deferredshadercommon.cso
d:\documents\vs 2015\simple_game_engine\x64\release\deferredspotlightshader.cso
d:\documents\vs 2015\simple_game_engine\x64\release\fillgbuffer.cso
d:\documents\vs 2015\simple_game_engine\x64\release\forwardcapsulelightshader.cso
d:\documents\vs 2015\simple_game_engine\x64\release\forwarddirectionallightshader.cso
d:\documents\vs 2015\simple_game_engine\x64\release\forwardiblshader.cso
d:\documents\vs 2015\simple_game_engine\x64\release\forwardpointlightshader.cso
d:\documents\vs 2015\simple_game_engine\x64\release\forwardshadercommon.cso
d:\documents\vs 2015\simple_game_engine\x64\release\forwardspotlightshader.cso
d:\documents\vs 2015\simple_game_engine\x64\release\gbufferdebugging.cso
d:\documents\vs 2015\simple_game_engine\x64\release\pbrcommon.cso
d:\documents\vs 2015\simple_game_engine\x64\release\skyboxshader.cso
d:\documents\vs 2015\simple_game_engine\x64\release\textureshader.cso
d:\simplegameengine\x64\release\deferredcapsulelightshader.cso
d:\simplegameengine\x64\release\deferreddirectionallightshader.cso
d:\simplegameengine\x64\release\deferrediblshader.cso
d:\simplegameengine\x64\release\deferredpointlightshader.cso
d:\simplegameengine\x64\release\deferredshadercommon.cso
d:\simplegameengine\x64\release\deferredspotlightshader.cso
d:\simplegameengine\x64\release\fillgbuffer.cso
d:\simplegameengine\x64\release\forwardcapsulelightshader.cso
d:\simplegameengine\x64\release\forwarddirectionallightshader.cso
d:\simplegameengine\x64\release\forwardiblshader.cso
d:\simplegameengine\x64\release\forwardpointlightshader.cso
d:\simplegameengine\x64\release\forwardshadercommon.cso
d:\simplegameengine\x64\release\forwardspotlightshader.cso
d:\simplegameengine\x64\release\gbufferdebugging.cso
d:\simplegameengine\x64\release\pbrcommon.cso
d:\simplegameengine\x64\release\skyboxshader.cso
d:\simplegameengine\x64\release\textureshader.cso
d:\simplegameengine\x64\release\simple_game_engine.ipdb
d:\simplegameengine\x64\release\simple_game_engine.iobj
d:\simplegameengine\simple_game_engine\x64\release\configdataclass.obj
d:\simplegameengine\simple_game_engine\x64\release\simple_g.d0cebb3f.tlog\cl.command.1.tlog
d:\simplegameengine\simple_game_engine\x64\release\simple_g.d0cebb3f.tlog\cl.read.1.tlog
d:\simplegameengine\simple_game_engine\x64\release\simple_g.d0cebb3f.tlog\cl.write.1.tlog
d:\simplegameengine\simple_game_engine\x64\release\simple_g.d0cebb3f.tlog\link.command.1.tlog
d:\simplegameengine\simple_game_engine\x64\release\simple_g.d0cebb3f.tlog\link.read.1.tlog
d:\simplegameengine\simple_game_engine\x64\release\simple_g.d0cebb3f.tlog\link.write.1.tlog
d:\simplegameengine\simple_game_engine\x64\release\simple_g.d0cebb3f.tlog\simple_game_engine.write.1u.tlog
