  AnimatedModel.cpp
Source\AnimatedModel.cpp(134): warning C4244: "Argument": Konvertierung von "wchar_t" in "char", möglicher Datenverlust
Source\AnimatedModel.cpp(209): warning C4244: "Argument": Konvertierung von "wchar_t" in "char", möglicher Datenverlust
Source\AnimatedModel.cpp(416): warning C4244: "Argument": Konvertierung von "int" in "float", möglicher Datenverlust
Source\AnimatedModel.cpp(467): warning C4267: "=": Konvertierung von "size_t" nach "UINT", Datenverlust möglich
Source\AnimatedModel.cpp(80): warning C4101: "hr": Unreferenzierte lokale Variable
Source\AnimatedModel.cpp(590): warning C4244: "Argument": Konvertierung von "wchar_t" in "char", möglicher Datenverlust
Source\AnimatedModel.cpp(804): warning C4244: "Initialisierung": Konvertierung von "float" in "int", möglicher Datenverlust
Source\AnimatedModel.cpp(922): warning C4267: "=": Konvertierung von "size_t" nach "int", Datenverlust möglich
  Application.cpp
Source\Application.cpp(115): warning C4305: "Argument": Verkürzung von "double" in "float"
Source\Application.cpp(147): warning C4244: "Argument": Konvertierung von "int" in "float", möglicher Datenverlust
Source\Application.cpp(151): warning C4305: "=": Verkürzung von "double" in "float"
Source\Application.cpp(327): warning C4244: "Argument": Konvertierung von "double" in "float", möglicher Datenverlust
Source\Application.cpp(350): warning C4305: "Initialisierung": Verkürzung von "double" in "float"
Source\Application.cpp(354): warning C4305: "=": Verkürzung von "double" in "float"
  Bitmap.cpp
  Camera.cpp
  CapsuleLightShader.cpp
Source\CapsuleLightShader.cpp(566): warning C4244: "=": Konvertierung von "SIZE_T" in "unsigned long", möglicher Datenverlust
  CommandBase.cpp
  CommandManager.cpp
  ConfigData.cpp
Source\ConfigData.cpp(296): warning C4267: "return": Konvertierung von "size_t" nach "int", Datenverlust möglich
Source\ConfigData.cpp(895): warning C4267: "Argument": Konvertierung von "size_t" nach "int", Datenverlust möglich
Source\ConfigData.cpp(942): warning C4267: "Argument": Konvertierung von "size_t" nach "int", Datenverlust möglich
Source\ConfigData.cpp(993): warning C4244: "=": Konvertierung von "__int64" in "int", möglicher Datenverlust
Source\ConfigData.cpp(1092): warning C4267: "=": Konvertierung von "size_t" nach "int", Datenverlust möglich
  ConfigDataParser.cpp
Source\ConfigDataParser.cpp(168): warning C4267: "Initialisierung": Konvertierung von "size_t" nach "int", Datenverlust möglich
Source\ConfigDataParser.cpp(211): warning C4267: "Initialisierung": Konvertierung von "size_t" nach "int", Datenverlust möglich
Source\ConfigDataParser.cpp(243): warning C4267: "Initialisierung": Konvertierung von "size_t" nach "int", Datenverlust möglich
Source\ConfigDataParser.cpp(267): warning C4267: "Initialisierung": Konvertierung von "size_t" nach "int", Datenverlust möglich
Source\ConfigDataParser.cpp(284): warning C4267: "Initialisierung": Konvertierung von "size_t" nach "int", Datenverlust möglich
Source\ConfigDataParser.cpp(304): warning C4267: "Initialisierung": Konvertierung von "size_t" nach "int", Datenverlust möglich
Source\ConfigDataParser.cpp(320): warning C4267: "Initialisierung": Konvertierung von "size_t" nach "int", Datenverlust möglich
Source\ConfigDataParser.cpp(329): warning C4267: "Initialisierung": Konvertierung von "size_t" nach "int", Datenverlust möglich
Source\ConfigDataParser.cpp(358): warning C4267: "Initialisierung": Konvertierung von "size_t" nach "int", Datenverlust möglich
Source\ConfigDataParser.cpp(388): warning C4267: "Initialisierung": Konvertierung von "size_t" nach "int", Datenverlust möglich
Source\ConfigDataParser.cpp(400): warning C4267: "Initialisierung": Konvertierung von "size_t" nach "int", Datenverlust möglich
Source\ConfigDataParser.cpp(420): warning C4267: "Initialisierung": Konvertierung von "size_t" nach "int", Datenverlust möglich
Source\ConfigDataParser.cpp(432): warning C4267: "Initialisierung": Konvertierung von "size_t" nach "int", Datenverlust möglich
Source\ConfigDataParser.cpp(470): warning C4267: "Initialisierung": Konvertierung von "size_t" nach "int", Datenverlust möglich
Source\ConfigDataParser.cpp(471): warning C4267: "Initialisierung": Konvertierung von "size_t" nach "int", Datenverlust möglich
Source\ConfigDataParser.cpp(487): warning C4267: "Initialisierung": Konvertierung von "size_t" nach "int", Datenverlust möglich
Source\ConfigDataParser.cpp(490): warning C4267: "Initialisierung": Konvertierung von "size_t" nach "unsigned int", Datenverlust möglich
Source\ConfigDataParser.cpp(491): warning C4267: "Initialisierung": Konvertierung von "size_t" nach "unsigned int", Datenverlust möglich
Source\ConfigDataParser.cpp(512): warning C4267: "Initialisierung": Konvertierung von "size_t" nach "int", Datenverlust möglich
Source\ConfigDataParser.cpp(525): warning C4267: "Initialisierung": Konvertierung von "size_t" nach "int", Datenverlust möglich
Source\ConfigDataParser.cpp(535): warning C4267: "Initialisierung": Konvertierung von "size_t" nach "int", Datenverlust möglich
Source\ConfigDataParser.cpp(544): warning C4267: "Initialisierung": Konvertierung von "size_t" nach "int", Datenverlust möglich
Source\ConfigDataParser.cpp(553): warning C4267: "Initialisierung": Konvertierung von "size_t" nach "int", Datenverlust möglich
Source\ConfigDataParser.cpp(587): warning C4267: "Initialisierung": Konvertierung von "size_t" nach "int", Datenverlust möglich
Source\ConfigDataParser.cpp(590): warning C4267: "Initialisierung": Konvertierung von "size_t" nach "unsigned int", Datenverlust möglich
Source\ConfigDataParser.cpp(591): warning C4267: "Initialisierung": Konvertierung von "size_t" nach "unsigned int", Datenverlust möglich
Source\ConfigDataParser.cpp(603): warning C4267: "Initialisierung": Konvertierung von "size_t" nach "int", Datenverlust möglich
Source\ConfigDataParser.cpp(625): warning C4267: "Initialisierung": Konvertierung von "size_t" nach "int", Datenverlust möglich
Source\ConfigDataParser.cpp(647): warning C4267: "Initialisierung": Konvertierung von "size_t" nach "int", Datenverlust möglich
Source\ConfigDataParser.cpp(656): warning C4267: "Initialisierung": Konvertierung von "size_t" nach "int", Datenverlust möglich
Source\ConfigDataParser.cpp(693): warning C4267: "Initialisierung": Konvertierung von "size_t" nach "int", Datenverlust möglich
Source\ConfigDataParser.cpp(701): warning C4267: "Initialisierung": Konvertierung von "size_t" nach "int", Datenverlust möglich
Source\ConfigDataParser.cpp(704): warning C4267: "Initialisierung": Konvertierung von "size_t" nach "unsigned int", Datenverlust möglich
Source\ConfigDataParser.cpp(705): warning C4267: "Initialisierung": Konvertierung von "size_t" nach "unsigned int", Datenverlust möglich
  ConfigDataSection.cpp
Source\ConfigDataSection.cpp(541): warning C4267: "return": Konvertierung von "size_t" nach "int", Datenverlust möglich
Source\ConfigDataSection.cpp(546): warning C4267: "return": Konvertierung von "size_t" nach "int", Datenverlust möglich
Source\ConfigDataSection.cpp(551): warning C4267: "return": Konvertierung von "size_t" nach "int", Datenverlust möglich
Source\ConfigDataSection.cpp(556): warning C4267: "return": Konvertierung von "size_t" nach "int", Datenverlust möglich
Source\ConfigDataSection.cpp(561): warning C4267: "return": Konvertierung von "size_t" nach "int", Datenverlust möglich
Source\ConfigDataSection.cpp(566): warning C4267: "return": Konvertierung von "size_t" nach "int", Datenverlust möglich
Source\ConfigDataSection.cpp(571): warning C4267: "return": Konvertierung von "size_t" nach "int", Datenverlust möglich
Source\ConfigDataSection.cpp(576): warning C4267: "return": Konvertierung von "size_t" nach "int", Datenverlust möglich
  ConvexDecomposition.cpp
  CPUPerformance.cpp
  D3D.cpp
Source\D3D.cpp(553): warning C4244: "=": Konvertierung von "int" in "float", möglicher Datenverlust
Source\D3D.cpp(562): warning C4244: "Argument": Konvertierung von "int" in "float", möglicher Datenverlust
  DDSTextureLoader.cpp
  ScreenGrab.cpp
  DeferredBuffer.cpp
  DeferredShader.cpp
Source\DeferredShader.cpp(238): warning C4244: "=": Konvertierung von "SIZE_T" in "unsigned long", möglicher Datenverlust
  DirectionalLightShader.cpp
Source\DirectionalLightShader.cpp(633): warning C4244: "=": Konvertierung von "SIZE_T" in "unsigned long", möglicher Datenverlust
  FPSTimer.cpp
  FrustumCulling.cpp
  Kompilieren...
  GBufferDebuggingShader.cpp
Source\GBufferDebuggingShader.cpp(204): warning C4244: "=": Konvertierung von "SIZE_T" in "unsigned long", möglicher Datenverlust
  IBLShader.cpp
Source\IBLShader.cpp(412): warning C4244: "=": Konvertierung von "SIZE_T" in "unsigned long", möglicher Datenverlust
  LightManager.cpp
Source\LightManager.cpp(44): warning C4267: "return": Konvertierung von "size_t" nach "int", Datenverlust möglich
Source\LightManager.cpp(48): warning C4267: "return": Konvertierung von "size_t" nach "int", Datenverlust möglich
Source\LightManager.cpp(52): warning C4267: "return": Konvertierung von "size_t" nach "int", Datenverlust möglich
Source\LightManager.cpp(56): warning C4267: "return": Konvertierung von "size_t" nach "int", Datenverlust möglich
Source\LightManager.cpp(61): warning C4267: "return": Konvertierung von "size_t" nach "int", Datenverlust möglich
  LineListShader.cpp
Source\LineListShader.cpp(207): warning C4244: "=": Konvertierung von "int" in "float", möglicher Datenverlust
Source\LineListShader.cpp(208): warning C4244: "=": Konvertierung von "int" in "float", möglicher Datenverlust
Source\LineListShader.cpp(209): warning C4244: "=": Konvertierung von "int" in "float", möglicher Datenverlust
Source\LineListShader.cpp(210): warning C4244: "=": Konvertierung von "int" in "float", möglicher Datenverlust
Source\LineListShader.cpp(215): warning C4244: "=": Konvertierung von "int" in "float", möglicher Datenverlust
Source\LineListShader.cpp(216): warning C4244: "=": Konvertierung von "int" in "float", möglicher Datenverlust
Source\LineListShader.cpp(217): warning C4244: "=": Konvertierung von "int" in "float", möglicher Datenverlust
Source\LineListShader.cpp(218): warning C4244: "=": Konvertierung von "int" in "float", möglicher Datenverlust
Source\LineListShader.cpp(293): warning C4244: "=": Konvertierung von "SIZE_T" in "unsigned long", möglicher Datenverlust
  main.cpp
  Map.cpp
  MaterialManager.cpp
Source\MaterialManager.cpp(91): warning C4305: "=": Verkürzung von "double" in "float"
  ModelManager.cpp
Source\ModelManager.cpp(35): warning C4129: "m": nicht erkannte Folge von Escapesequenz
Source\ModelManager.cpp(35): warning C4129: "T": nicht erkannte Folge von Escapesequenz
  PBStaticModel.cpp
Source\PBStaticModel.cpp(73): warning C4267: "return": Konvertierung von "size_t" nach "int", Datenverlust möglich
  PhysicWorld.cpp
Source\PhysicWorld.cpp(10): warning C4305: "Argument": Verkürzung von "double" in "const btScalar"
Source\PhysicWorld.cpp(135): warning C4244: "Argument": Konvertierung von "double" in "const btScalar", möglicher Datenverlust
Source\PhysicWorld.cpp(158): warning C4244: "Argument": Konvertierung von "double" in "const btScalar", möglicher Datenverlust
Source\PhysicWorld.cpp(283): warning C4305: "Argument": Verkürzung von "double" in "const btScalar"
Source\PhysicWorld.cpp(328): warning C4244: "=": Konvertierung von "int" in "float", möglicher Datenverlust
Source\PhysicWorld.cpp(339): warning C4267: "=": Konvertierung von "size_t" nach "unsigned int", Datenverlust möglich
Source\PhysicWorld.cpp(341): warning C4267: "=": Konvertierung von "size_t" nach "unsigned int", Datenverlust möglich
Source\PhysicWorld.cpp(371): warning C4244: "Argument": Konvertierung von "float" in "long", möglicher Datenverlust
Source\PhysicWorld.cpp(428): warning C4244: "=": Konvertierung von "HACD::Real" in "float", möglicher Datenverlust
Source\PhysicWorld.cpp(429): warning C4244: "=": Konvertierung von "HACD::Real" in "float", möglicher Datenverlust
Source\PhysicWorld.cpp(430): warning C4244: "=": Konvertierung von "HACD::Real" in "float", möglicher Datenverlust
Source\PhysicWorld.cpp(443): warning C4267: "Argument": Konvertierung von "size_t" nach "unsigned int", Datenverlust möglich
Source\PhysicWorld.cpp(468): warning C4305: "Argument": Verkürzung von "double" in "const btScalar"
  PointLightShader.cpp
Source\PointLightShader.cpp(564): warning C4244: "=": Konvertierung von "SIZE_T" in "unsigned long", möglicher Datenverlust
  RigidBodys.cpp
  ShaderManager.cpp
Source\ShaderManager.cpp(32): warning C4101: "forwardPolygonLayout": Unreferenzierte lokale Variable
  SkyBoxShader.cpp
Source\SkyBoxShader.cpp(92): warning C4018: "<": Konflikt zwischen "signed" und "unsigned"
Source\SkyBoxShader.cpp(94): warning C4244: "=": Konvertierung von "double" in "float", möglicher Datenverlust
Source\SkyBoxShader.cpp(96): warning C4018: "<": Konflikt zwischen "signed" und "unsigned"
Source\SkyBoxShader.cpp(98): warning C4244: "=": Konvertierung von "double" in "float", möglicher Datenverlust
Source\SkyBoxShader.cpp(132): warning C4018: "<": Konflikt zwischen "signed" und "unsigned"
Source\SkyBoxShader.cpp(145): warning C4018: "<": Konflikt zwischen "signed" und "unsigned"
Source\SkyBoxShader.cpp(147): warning C4018: "<": Konflikt zwischen "signed" und "unsigned"
Source\SkyBoxShader.cpp(171): warning C4018: "<": Konflikt zwischen "signed" und "unsigned"
Source\SkyBoxShader.cpp(210): warning C4101: "ClampSamplerDesc": Unreferenzierte lokale Variable
Source\SkyBoxShader.cpp(209): warning C4101: "AnsioamplerDesc": Unreferenzierte lokale Variable
Source\SkyBoxShader.cpp(348): warning C4244: "=": Konvertierung von "SIZE_T" in "unsigned long", möglicher Datenverlust
  SpotLightShader.cpp
Source\SpotLightShader.cpp(551): warning C4244: "=": Konvertierung von "SIZE_T" in "unsigned long", möglicher Datenverlust
  StateManager.cpp
  System.cpp
  Terrain.cpp
Source\Terrain.cpp(140): warning C4267: "=": Konvertierung von "size_t" nach "unsigned int", Datenverlust möglich
Source\Terrain.cpp(147): warning C4267: "=": Konvertierung von "size_t" nach "unsigned int", Datenverlust möglich
Source\Terrain.cpp(176): warning C4267: "=": Konvertierung von "size_t" nach "unsigned int", Datenverlust möglich
  Texture.cpp
  TextureManager.cpp
  Kompilieren...
  TextureShader.cpp
Source\TextureShader.cpp(267): warning C4244: "=": Konvertierung von "SIZE_T" in "unsigned long", möglicher Datenverlust
  Timer.cpp
  UserInput.cpp
Source\UserInput.cpp(48): warning C4244: "Initialisierung": Konvertierung von "int" in "float", möglicher Datenverlust
Source\UserInput.cpp(49): warning C4244: "Initialisierung": Konvertierung von "int" in "float", möglicher Datenverlust
Source\UserInput.cpp(51): warning C4244: "=": Konvertierung von "float" in "int", möglicher Datenverlust
Source\UserInput.cpp(52): warning C4244: "=": Konvertierung von "float" in "int", möglicher Datenverlust
  UserInterface.cpp
Source\UserInterface.cpp(158): warning C4267: "Argument": Konvertierung von "size_t" nach "UINT32", Datenverlust möglich
Source\UserInterface.cpp(193): warning C4267: "Argument": Konvertierung von "size_t" nach "UINT32", Datenverlust möglich
Source\UserInterface.cpp(226): warning C4244: "=": Konvertierung von "float" in "unsigned int", möglicher Datenverlust
  SceneWorldData.cpp
Source\SceneWorldData.cpp(519): warning C4244: "Initialisierung": Konvertierung von "__int64" in "int", möglicher Datenverlust
Source\SceneWorldData.cpp(647): warning C4267: "return": Konvertierung von "size_t" nach "int", Datenverlust möglich
  Code wird generiert.
d:\simplegameengine\simple_game_engine\source\configdata.cpp(1147): warning C4715: "ConfigData::GetChildByIndicieVector": Nicht alle Codepfade geben einen Wert zurück.
d:\simplegameengine\simple_game_engine\source\sceneworlddata.cpp(519): warning C4715: "<lambda_ae109108119e9ac062d4170ddcd618f3>::operator()": Nicht alle Codepfade geben einen Wert zurück.
  All 6049 functions were compiled because no usable IPDB/IOBJ from previous compilation was found.
  Codegenerierung ist abgeschlossen.
  Simple_Game_Engine.vcxproj -> D:\SimpleGameEngine\x64\Release\Simple_Game_Engine.exe
  Simple_Game_Engine.vcxproj -> D:\SimpleGameEngine\x64\Release\Simple_Game_Engine.pdb (Full PDB)
