d:\documents\vs 2015\simple_game_engine\debug\simple_game_engine.bsc
d:\documents\vs 2015\simple_game_engine\simple_game_engine\debug\vc140.pdb
d:\documents\vs 2015\simple_game_engine\simple_game_engine\debug\vc140.idb
d:\documents\vs 2015\simple_game_engine\simple_game_engine\debug\pointforceregistry.nativecodeanalysis.xml
d:\documents\vs 2015\simple_game_engine\simple_game_engine\debug\pointlightshader.nativecodeanalysis.xml
d:\documents\vs 2015\simple_game_engine\simple_game_engine\debug\pointphysic.nativecodeanalysis.xml
d:\documents\vs 2015\simple_game_engine\simple_game_engine\debug\pointworld.nativecodeanalysis.xml
d:\documents\vs 2015\simple_game_engine\simple_game_engine\debug\rigidbody.nativecodeanalysis.xml
d:\documents\vs 2015\simple_game_engine\simple_game_engine\debug\rigidbodyforcegenerator.nativecodeanalysis.xml
d:\documents\vs 2015\simple_game_engine\simple_game_engine\debug\rigidbodyforceregistry.nativecodeanalysis.xml
d:\documents\vs 2015\simple_game_engine\simple_game_engine\debug\rigidbodyworld.nativecodeanalysis.xml
d:\documents\vs 2015\simple_game_engine\simple_game_engine\debug\shadermanager.nativecodeanalysis.xml
d:\documents\vs 2015\simple_game_engine\simple_game_engine\debug\spotlightshader.nativecodeanalysis.xml
d:\documents\vs 2015\simple_game_engine\simple_game_engine\debug\statemanager.nativecodeanalysis.xml
d:\documents\vs 2015\simple_game_engine\simple_game_engine\debug\system.nativecodeanalysis.xml
d:\documents\vs 2015\simple_game_engine\simple_game_engine\debug\terrain.nativecodeanalysis.xml
d:\documents\vs 2015\simple_game_engine\simple_game_engine\debug\texture.nativecodeanalysis.xml
d:\documents\vs 2015\simple_game_engine\simple_game_engine\debug\texturemanager.nativecodeanalysis.xml
d:\documents\vs 2015\simple_game_engine\simple_game_engine\debug\textureshader.nativecodeanalysis.xml
d:\documents\vs 2015\simple_game_engine\simple_game_engine\debug\timer.nativecodeanalysis.xml
d:\documents\vs 2015\simple_game_engine\simple_game_engine\debug\userinput.nativecodeanalysis.xml
d:\documents\vs 2015\simple_game_engine\simple_game_engine\debug\userinterface.nativecodeanalysis.xml
d:\documents\vs 2015\simple_game_engine\simple_game_engine\debug\sceneworlddata.nativecodeanalysis.xml
d:\documents\vs 2015\simple_game_engine\simple_game_engine\debug\userinterface.obj
d:\documents\vs 2015\simple_game_engine\simple_game_engine\debug\userinput.obj
d:\documents\vs 2015\simple_game_engine\simple_game_engine\debug\timer.obj
d:\documents\vs 2015\simple_game_engine\simple_game_engine\debug\textureshader.obj
d:\documents\vs 2015\simple_game_engine\simple_game_engine\debug\texturemanager.obj
d:\documents\vs 2015\simple_game_engine\simple_game_engine\debug\texture.obj
d:\documents\vs 2015\simple_game_engine\simple_game_engine\debug\terrain.obj
d:\documents\vs 2015\simple_game_engine\simple_game_engine\debug\statemanager.obj
d:\documents\vs 2015\simple_game_engine\simple_game_engine\debug\spotlightshader.obj
d:\documents\vs 2015\simple_game_engine\simple_game_engine\debug\rigidbodyworld.obj
d:\documents\vs 2015\simple_game_engine\simple_game_engine\debug\rigidbodyforceregistry.obj
d:\documents\vs 2015\simple_game_engine\simple_game_engine\debug\rigidbodyforcegenerator.obj
d:\documents\vs 2015\simple_game_engine\simple_game_engine\debug\rigidbody.obj
d:\documents\vs 2015\simple_game_engine\simple_game_engine\debug\pointworld.obj
d:\documents\vs 2015\simple_game_engine\simple_game_engine\debug\pointphysic.obj
d:\documents\vs 2015\simple_game_engine\simple_game_engine\debug\pointlightshader.obj
d:\documents\vs 2015\simple_game_engine\simple_game_engine\debug\pointforceregistry.obj
d:\documents\vs 2015\simple_game_engine\simple_game_engine\debug\camera.nativecodeanalysis.xml
d:\documents\vs 2015\simple_game_engine\simple_game_engine\debug\capsulelightshader.nativecodeanalysis.xml
d:\documents\vs 2015\simple_game_engine\simple_game_engine\debug\configdataclass.nativecodeanalysis.xml
d:\documents\vs 2015\simple_game_engine\simple_game_engine\debug\cpuperformance.nativecodeanalysis.xml
d:\documents\vs 2015\simple_game_engine\simple_game_engine\debug\d3d.nativecodeanalysis.xml
d:\documents\vs 2015\simple_game_engine\simple_game_engine\debug\ddstextureloader.nativecodeanalysis.xml
d:\documents\vs 2015\simple_game_engine\simple_game_engine\debug\screengrab.nativecodeanalysis.xml
d:\documents\vs 2015\simple_game_engine\simple_game_engine\debug\deferredbuffer.nativecodeanalysis.xml
d:\documents\vs 2015\simple_game_engine\simple_game_engine\debug\deferredshader.nativecodeanalysis.xml
d:\documents\vs 2015\simple_game_engine\simple_game_engine\debug\directionallightshader.nativecodeanalysis.xml
d:\documents\vs 2015\simple_game_engine\simple_game_engine\debug\fpstimer.nativecodeanalysis.xml
d:\documents\vs 2015\simple_game_engine\simple_game_engine\debug\gbufferdebuggingshader.nativecodeanalysis.xml
d:\documents\vs 2015\simple_game_engine\simple_game_engine\debug\iblshader.nativecodeanalysis.xml
d:\documents\vs 2015\simple_game_engine\simple_game_engine\debug\lightmanager.nativecodeanalysis.xml
d:\documents\vs 2015\simple_game_engine\simple_game_engine\debug\main.nativecodeanalysis.xml
d:\documents\vs 2015\simple_game_engine\simple_game_engine\debug\mapclass.nativecodeanalysis.xml
d:\documents\vs 2015\simple_game_engine\simple_game_engine\debug\materialmanager.nativecodeanalysis.xml
d:\documents\vs 2015\simple_game_engine\simple_game_engine\debug\pbstaticmodel.nativecodeanalysis.xml
d:\documents\vs 2015\simple_game_engine\simple_game_engine\debug\pointcontacts.nativecodeanalysis.xml
d:\documents\vs 2015\simple_game_engine\simple_game_engine\debug\pointforcegenerator.nativecodeanalysis.xml
d:\documents\vs 2015\simple_game_engine\simple_game_engine\debug\pointforcegenerator.obj
d:\documents\vs 2015\simple_game_engine\simple_game_engine\debug\pointcontacts.obj
d:\documents\vs 2015\simple_game_engine\simple_game_engine\debug\pbstaticmodel.obj
d:\documents\vs 2015\simple_game_engine\simple_game_engine\debug\materialmanager.obj
d:\documents\vs 2015\simple_game_engine\simple_game_engine\debug\mapclass.obj
d:\documents\vs 2015\simple_game_engine\simple_game_engine\debug\lightmanager.obj
d:\documents\vs 2015\simple_game_engine\simple_game_engine\debug\iblshader.obj
d:\documents\vs 2015\simple_game_engine\simple_game_engine\debug\gbufferdebuggingshader.obj
d:\documents\vs 2015\simple_game_engine\simple_game_engine\debug\fpstimer.obj
d:\documents\vs 2015\simple_game_engine\simple_game_engine\debug\directionallightshader.obj
d:\documents\vs 2015\simple_game_engine\simple_game_engine\debug\deferredshader.obj
d:\documents\vs 2015\simple_game_engine\simple_game_engine\debug\deferredbuffer.obj
d:\documents\vs 2015\simple_game_engine\simple_game_engine\debug\screengrab.obj
d:\documents\vs 2015\simple_game_engine\simple_game_engine\debug\ddstextureloader.obj
d:\documents\vs 2015\simple_game_engine\simple_game_engine\debug\d3d.obj
d:\documents\vs 2015\simple_game_engine\simple_game_engine\debug\cpuperformance.obj
d:\documents\vs 2015\simple_game_engine\simple_game_engine\debug\configdataclass.obj
d:\documents\vs 2015\simple_game_engine\simple_game_engine\debug\capsulelightshader.obj
d:\documents\vs 2015\simple_game_engine\simple_game_engine\debug\camera.obj
d:\documents\vs 2015\simple_game_engine\simple_game_engine\debug\animatedmodel.nativecodeanalysis.xml
d:\documents\vs 2015\simple_game_engine\simple_game_engine\debug\application.nativecodeanalysis.xml
d:\documents\vs 2015\simple_game_engine\simple_game_engine\debug\bitmap.nativecodeanalysis.xml
d:\documents\vs 2015\simple_game_engine\simple_game_engine\debug\bitmap.obj
d:\documents\vs 2015\simple_game_engine\simple_game_engine\debug\animatedmodel.obj
d:\documents\vs 2015\simple_game_engine\simple_game_engine\debug\userinterface.sbr
d:\documents\vs 2015\simple_game_engine\simple_game_engine\debug\userinput.sbr
d:\documents\vs 2015\simple_game_engine\simple_game_engine\debug\timer.sbr
d:\documents\vs 2015\simple_game_engine\simple_game_engine\debug\textureshader.sbr
d:\documents\vs 2015\simple_game_engine\simple_game_engine\debug\texturemanager.sbr
d:\documents\vs 2015\simple_game_engine\simple_game_engine\debug\texture.sbr
d:\documents\vs 2015\simple_game_engine\simple_game_engine\debug\terrain.sbr
d:\documents\vs 2015\simple_game_engine\simple_game_engine\debug\statemanager.sbr
d:\documents\vs 2015\simple_game_engine\simple_game_engine\debug\spotlightshader.sbr
d:\documents\vs 2015\simple_game_engine\simple_game_engine\debug\rigidbodyworld.sbr
d:\documents\vs 2015\simple_game_engine\simple_game_engine\debug\rigidbodyforceregistry.sbr
d:\documents\vs 2015\simple_game_engine\simple_game_engine\debug\rigidbodyforcegenerator.sbr
d:\documents\vs 2015\simple_game_engine\simple_game_engine\debug\rigidbody.sbr
d:\documents\vs 2015\simple_game_engine\simple_game_engine\debug\pointworld.sbr
d:\documents\vs 2015\simple_game_engine\simple_game_engine\debug\pointphysic.sbr
d:\documents\vs 2015\simple_game_engine\simple_game_engine\debug\pointlightshader.sbr
d:\documents\vs 2015\simple_game_engine\simple_game_engine\debug\pointforceregistry.sbr
d:\documents\vs 2015\simple_game_engine\simple_game_engine\debug\pointforcegenerator.sbr
d:\documents\vs 2015\simple_game_engine\simple_game_engine\debug\pointcontacts.sbr
d:\documents\vs 2015\simple_game_engine\simple_game_engine\debug\pbstaticmodel.sbr
d:\documents\vs 2015\simple_game_engine\simple_game_engine\debug\materialmanager.sbr
d:\documents\vs 2015\simple_game_engine\simple_game_engine\debug\mapclass.sbr
d:\documents\vs 2015\simple_game_engine\simple_game_engine\debug\lightmanager.sbr
d:\documents\vs 2015\simple_game_engine\simple_game_engine\debug\iblshader.sbr
d:\documents\vs 2015\simple_game_engine\simple_game_engine\debug\gbufferdebuggingshader.sbr
d:\documents\vs 2015\simple_game_engine\simple_game_engine\debug\fpstimer.sbr
d:\documents\vs 2015\simple_game_engine\simple_game_engine\debug\directionallightshader.sbr
d:\documents\vs 2015\simple_game_engine\simple_game_engine\debug\deferredshader.sbr
d:\documents\vs 2015\simple_game_engine\simple_game_engine\debug\deferredbuffer.sbr
d:\documents\vs 2015\simple_game_engine\simple_game_engine\debug\screengrab.sbr
d:\documents\vs 2015\simple_game_engine\simple_game_engine\debug\ddstextureloader.sbr
d:\documents\vs 2015\simple_game_engine\simple_game_engine\debug\d3d.sbr
d:\documents\vs 2015\simple_game_engine\simple_game_engine\debug\cpuperformance.sbr
d:\documents\vs 2015\simple_game_engine\simple_game_engine\debug\configdataclass.sbr
d:\documents\vs 2015\simple_game_engine\simple_game_engine\debug\capsulelightshader.sbr
d:\documents\vs 2015\simple_game_engine\simple_game_engine\debug\camera.sbr
d:\documents\vs 2015\simple_game_engine\simple_game_engine\debug\bitmap.sbr
d:\documents\vs 2015\simple_game_engine\simple_game_engine\debug\animatedmodel.sbr
d:\documents\vs 2015\simple_game_engine\simple_game_engine\debug\sceneworlddata.sbr
d:\documents\vs 2015\simple_game_engine\simple_game_engine\debug\system.sbr
d:\documents\vs 2015\simple_game_engine\simple_game_engine\debug\shadermanager.sbr
d:\documents\vs 2015\simple_game_engine\simple_game_engine\debug\shadermanager.obj
d:\documents\vs 2015\simple_game_engine\simple_game_engine\debug\system.obj
d:\documents\vs 2015\simple_game_engine\simple_game_engine\debug\sceneworlddata.obj
d:\documents\vs 2015\simple_game_engine\simple_game_engine\debug\main.sbr
d:\documents\vs 2015\simple_game_engine\simple_game_engine\debug\main.obj
d:\documents\vs 2015\simple_game_engine\simple_game_engine\debug\application.sbr
d:\documents\vs 2015\simple_game_engine\simple_game_engine\debug\application.obj
d:\documents\vs 2015\simple_game_engine\simple_game_engine\debug\physicworld.sbr
d:\documents\vs 2015\simple_game_engine\simple_game_engine\debug\physicworld.obj
d:\documents\vs 2015\simple_game_engine\debug\simple_game_engine.ilk
d:\documents\vs 2015\simple_game_engine\debug\simple_game_engine.exe
d:\documents\vs 2015\simple_game_engine\debug\simple_game_engine.pdb
d:\documents\vs 2015\simple_game_engine\debug\deferredcapsulelightshader.cso
d:\documents\vs 2015\simple_game_engine\debug\deferreddirectionallightshader.cso
d:\documents\vs 2015\simple_game_engine\debug\deferrediblshader.cso
d:\documents\vs 2015\simple_game_engine\debug\deferredpointlightshader.cso
d:\documents\vs 2015\simple_game_engine\debug\deferredshadercommon.cso
d:\documents\vs 2015\simple_game_engine\debug\deferredspotlightshader.cso
d:\documents\vs 2015\simple_game_engine\debug\fillgbuffer.cso
d:\documents\vs 2015\simple_game_engine\debug\forwardcapsulelightshader.cso
d:\documents\vs 2015\simple_game_engine\debug\forwarddirectionallightshader.cso
d:\documents\vs 2015\simple_game_engine\debug\forwardiblshader.cso
d:\documents\vs 2015\simple_game_engine\debug\forwardpointlightshader.cso
d:\documents\vs 2015\simple_game_engine\debug\forwardshadercommon.cso
d:\documents\vs 2015\simple_game_engine\debug\forwardspotlightshader.cso
d:\documents\vs 2015\simple_game_engine\debug\gbufferdebugging.cso
d:\documents\vs 2015\simple_game_engine\debug\pbrcommon.cso
d:\documents\vs 2015\simple_game_engine\debug\textureshader.cso
d:\documents\vs 2015\simple_game_engine\simple_game_engine\debug\nativecodeanalysis.read.1.tlog
d:\documents\vs 2015\simple_game_engine\simple_game_engine\debug\vc.nativecodeanalysis.all.xml
d:\documents\vs 2015\simple_game_engine\debug\simple_game_engine.exe.lastcodeanalysissucceeded
d:\documents\vs 2015\simple_game_engine\simple_game_engine\debug\simple_g.d0cebb3f.tlog\bscmake.command.1.tlog
d:\documents\vs 2015\simple_game_engine\simple_game_engine\debug\simple_g.d0cebb3f.tlog\bscmake.read.1.tlog
d:\documents\vs 2015\simple_game_engine\simple_game_engine\debug\simple_g.d0cebb3f.tlog\bscmake.write.1.tlog
d:\documents\vs 2015\simple_game_engine\simple_game_engine\debug\simple_g.d0cebb3f.tlog\cl.command.1.tlog
d:\documents\vs 2015\simple_game_engine\simple_game_engine\debug\simple_g.d0cebb3f.tlog\cl.read.1.tlog
d:\documents\vs 2015\simple_game_engine\simple_game_engine\debug\simple_g.d0cebb3f.tlog\cl.write.1.tlog
d:\documents\vs 2015\simple_game_engine\simple_game_engine\debug\simple_g.d0cebb3f.tlog\link.command.1.tlog
d:\documents\vs 2015\simple_game_engine\simple_game_engine\debug\simple_g.d0cebb3f.tlog\link.read.1.tlog
d:\documents\vs 2015\simple_game_engine\simple_game_engine\debug\simple_g.d0cebb3f.tlog\link.write.1.tlog
d:\documents\vs 2015\simple_game_engine\simple_game_engine\debug\simple_g.d0cebb3f.tlog\simple_game_engine.write.1u.tlog
