d:\documents\vs 2015\simple_game_engine\simple_game_engine\release\vc140.pdb
d:\documents\vs 2015\simple_game_engine\simple_game_engine\release\materialmanagerclass.obj
d:\documents\vs 2015\simple_game_engine\simple_game_engine\release\mapclass.obj
d:\documents\vs 2015\simple_game_engine\simple_game_engine\release\main.obj
d:\documents\vs 2015\simple_game_engine\simple_game_engine\release\lightmanagerclass.obj
d:\documents\vs 2015\simple_game_engine\simple_game_engine\release\iblshaderclass.obj
d:\documents\vs 2015\simple_game_engine\simple_game_engine\release\gbufferdebuggingshaderclass.obj
d:\documents\vs 2015\simple_game_engine\simple_game_engine\release\fpsclass.obj
d:\documents\vs 2015\simple_game_engine\simple_game_engine\release\dirlightshader.obj
d:\documents\vs 2015\simple_game_engine\simple_game_engine\release\deferredshaderclass.obj
d:\documents\vs 2015\simple_game_engine\simple_game_engine\release\deferredbuffersclass.obj
d:\documents\vs 2015\simple_game_engine\simple_game_engine\release\screengrab.obj
d:\documents\vs 2015\simple_game_engine\simple_game_engine\release\ddstextureloader.obj
d:\documents\vs 2015\simple_game_engine\simple_game_engine\release\d3dclass.obj
d:\documents\vs 2015\simple_game_engine\simple_game_engine\release\cpuclass.obj
d:\documents\vs 2015\simple_game_engine\simple_game_engine\release\configdataclass.obj
d:\documents\vs 2015\simple_game_engine\simple_game_engine\release\capsulelightshader.obj
d:\documents\vs 2015\simple_game_engine\simple_game_engine\release\cameraclass.obj
d:\documents\vs 2015\simple_game_engine\simple_game_engine\release\bitmapclass.obj
d:\documents\vs 2015\simple_game_engine\simple_game_engine\release\applicationclass.obj
d:\documents\vs 2015\simple_game_engine\simple_game_engine\release\animatedmodelclass.obj
d:\documents\vs 2015\simple_game_engine\simple_game_engine\release\worldsceneclass.obj
d:\documents\vs 2015\simple_game_engine\simple_game_engine\release\userinterfaceclass.obj
d:\documents\vs 2015\simple_game_engine\simple_game_engine\release\userinputclass.obj
d:\documents\vs 2015\simple_game_engine\simple_game_engine\release\timerclass.obj
d:\documents\vs 2015\simple_game_engine\simple_game_engine\release\textureshaderclass.obj
d:\documents\vs 2015\simple_game_engine\simple_game_engine\release\texturemanagerclass.obj
d:\documents\vs 2015\simple_game_engine\simple_game_engine\release\textureclass.obj
d:\documents\vs 2015\simple_game_engine\simple_game_engine\release\terrainclass.obj
d:\documents\vs 2015\simple_game_engine\simple_game_engine\release\systemclass.obj
d:\documents\vs 2015\simple_game_engine\simple_game_engine\release\staticmodelclass.obj
d:\documents\vs 2015\simple_game_engine\simple_game_engine\release\statemanagerclass.obj
d:\documents\vs 2015\simple_game_engine\simple_game_engine\release\spotlightshader.obj
d:\documents\vs 2015\simple_game_engine\simple_game_engine\release\shadermanagerlass.obj
d:\documents\vs 2015\simple_game_engine\simple_game_engine\release\positionclass.obj
d:\documents\vs 2015\simple_game_engine\simple_game_engine\release\pointlightshader.obj
d:\documents\vs 2015\simple_game_engine\simple_game_engine\release\pbstaticmodelclass.obj
d:\documents\vs 2015\simple_game_engine\simple_game_engine\release\pointmassphysicclass.obj
d:\documents\vs 2015\simple_game_engine\simple_game_engine\release\pointforceregistry.obj
d:\documents\vs 2015\simple_game_engine\simple_game_engine\release\pointforcegenerator.obj
d:\documents\vs 2015\simple_game_engine\simple_game_engine\release\pbstaticmodel.obj
d:\documents\vs 2015\simple_game_engine\simple_game_engine\release\materialmanager.obj
d:\documents\vs 2015\simple_game_engine\simple_game_engine\release\lightmanager.obj
d:\documents\vs 2015\simple_game_engine\simple_game_engine\release\iblshader.obj
d:\documents\vs 2015\simple_game_engine\simple_game_engine\release\gbufferdebuggingshader.obj
d:\documents\vs 2015\simple_game_engine\simple_game_engine\release\fpstimer.obj
d:\documents\vs 2015\simple_game_engine\simple_game_engine\release\directionallightshader.obj
d:\documents\vs 2015\simple_game_engine\simple_game_engine\release\deferredshader.obj
d:\documents\vs 2015\simple_game_engine\simple_game_engine\release\deferredbuffer.obj
d:\documents\vs 2015\simple_game_engine\simple_game_engine\release\d3d.obj
d:\documents\vs 2015\simple_game_engine\simple_game_engine\release\cpuperformance.obj
d:\documents\vs 2015\simple_game_engine\simple_game_engine\release\camera.obj
d:\documents\vs 2015\simple_game_engine\simple_game_engine\release\bitmap.obj
d:\documents\vs 2015\simple_game_engine\simple_game_engine\release\application.obj
d:\documents\vs 2015\simple_game_engine\simple_game_engine\release\animatedmodel.obj
d:\documents\vs 2015\simple_game_engine\simple_game_engine\release\sceneworlddata.obj
d:\documents\vs 2015\simple_game_engine\simple_game_engine\release\userinterface.obj
d:\documents\vs 2015\simple_game_engine\simple_game_engine\release\userinput.obj
d:\documents\vs 2015\simple_game_engine\simple_game_engine\release\timer.obj
d:\documents\vs 2015\simple_game_engine\simple_game_engine\release\textureshader.obj
d:\documents\vs 2015\simple_game_engine\simple_game_engine\release\texturemanager.obj
d:\documents\vs 2015\simple_game_engine\simple_game_engine\release\texture.obj
d:\documents\vs 2015\simple_game_engine\simple_game_engine\release\terrain.obj
d:\documents\vs 2015\simple_game_engine\simple_game_engine\release\system.obj
d:\documents\vs 2015\simple_game_engine\simple_game_engine\release\statemanager.obj
d:\documents\vs 2015\simple_game_engine\simple_game_engine\release\shadermanager.obj
d:\documents\vs 2015\simple_game_engine\simple_game_engine\release\pointphysic.obj
d:\documents\vs 2015\simple_game_engine\simple_game_engine\release\pointcontacts.obj
d:\documents\vs 2015\simple_game_engine\simple_game_engine\release\pointworld.obj
d:\documents\vs 2015\simple_game_engine\simple_game_engine\release\rigidbodyforcegenerator.obj
d:\documents\vs 2015\simple_game_engine\simple_game_engine\release\rigidbody.obj
d:\documents\vs 2015\simple_game_engine\simple_game_engine\release\rigidbodyforceregistry.obj
d:\documents\vs 2015\simple_game_engine\release\simple_game_engine.exe
d:\documents\vs 2015\simple_game_engine\release\simple_game_engine.ipdb
d:\documents\vs 2015\simple_game_engine\release\simple_game_engine.iobj
d:\documents\vs 2015\simple_game_engine\release\simple_game_engine.pdb
d:\documents\vs 2015\simple_game_engine\release\deferredcapsulelightshader.cso
d:\documents\vs 2015\simple_game_engine\release\deferreddirectionallightshader.cso
d:\documents\vs 2015\simple_game_engine\release\deferrediblshader.cso
d:\documents\vs 2015\simple_game_engine\release\deferredpointlightshader.cso
d:\documents\vs 2015\simple_game_engine\release\deferredshadercommon.cso
d:\documents\vs 2015\simple_game_engine\release\deferredspotlightshader.cso
d:\documents\vs 2015\simple_game_engine\release\fillgbuffer.cso
d:\documents\vs 2015\simple_game_engine\release\forwardcapsulelightshader.cso
d:\documents\vs 2015\simple_game_engine\release\forwarddirectionallightshader.cso
d:\documents\vs 2015\simple_game_engine\release\forwardiblshader.cso
d:\documents\vs 2015\simple_game_engine\release\forwardpointlightshader.cso
d:\documents\vs 2015\simple_game_engine\release\forwardshadercommon.cso
d:\documents\vs 2015\simple_game_engine\release\forwardspotlightshader.cso
d:\documents\vs 2015\simple_game_engine\release\gbufferdebugging.cso
d:\documents\vs 2015\simple_game_engine\release\textureshader.cso
d:\documents\vs 2015\simple_game_engine\simple_game_engine\release\simple_g.d0cebb3f.tlog\cl.command.1.tlog
d:\documents\vs 2015\simple_game_engine\simple_game_engine\release\simple_g.d0cebb3f.tlog\cl.read.1.tlog
d:\documents\vs 2015\simple_game_engine\simple_game_engine\release\simple_g.d0cebb3f.tlog\cl.write.1.tlog
d:\documents\vs 2015\simple_game_engine\simple_game_engine\release\simple_g.d0cebb3f.tlog\fxc.command.1.tlog
d:\documents\vs 2015\simple_game_engine\simple_game_engine\release\simple_g.d0cebb3f.tlog\fxc.read.1.tlog
d:\documents\vs 2015\simple_game_engine\simple_game_engine\release\simple_g.d0cebb3f.tlog\fxc.write.1.tlog
d:\documents\vs 2015\simple_game_engine\simple_game_engine\release\simple_g.d0cebb3f.tlog\link.command.1.tlog
d:\documents\vs 2015\simple_game_engine\simple_game_engine\release\simple_g.d0cebb3f.tlog\link.read.1.tlog
d:\documents\vs 2015\simple_game_engine\simple_game_engine\release\simple_g.d0cebb3f.tlog\link.write.1.tlog
d:\documents\vs 2015\simple_game_engine\simple_game_engine\release\simple_g.d0cebb3f.tlog\simple_game_engine.write.1u.tlog
